Arguments: 
  /usr/local/bin/node /usr/local/bin/yarn install

PATH: 
  /Library/Frameworks/Python.framework/Versions/3.7/bin:/usr/local/bin:/usr/bin:/bin:/usr/sbin:/sbin:/usr/local/go/bin:/Users/anson/.rvm/bin:/Users/anson/Library/Android/sdk/emulator:/Users/anson/Library/Android/sdk/tools:/Users/anson/Library/Android/sdk/tools/bin:/Users/anson/Library/Android/sdk/platform-tools:/Users/anson/Downloads/flutter/bin

Yarn version: 
  1.17.3

Node version: 
  10.16.3

Platform: 
  darwin x64

Trace: 
  Error: ENOSPC: no space left on device, copyfile '/usr/local/share/Library/Caches/Yarn/v4/npm-netlify-cms-widget-code-1.2.4-4d2cb416a0a970596a03d2455cd8098b7d79a0ad/node_modules/netlify-cms-widget-code/scripts/process-languages.js' -> '/Users/anson/Desktop/all-apps/the-museum/node_modules/netlify-cms-widget-code/scripts/process-languages.js'

npm manifest: 
  {
    "name": "the-museum",
    "private": true,
    "description": "The museum website",
    "version": "0.1.0",
    "license": "MIT",
    "scripts": {
      "build": "gatsby build",
      "develop": "gatsby build && cross-env GATSBY_GRAPHQL_IDE=playground NODE_ENV=develop gatsby develop",
      "format": "prettier --write src/**/*.{js,jsx}",
      "start": "yarn run develop",
      "serve": "gatsby serve",
      "test": "echo \"Write tests! -> https://gatsby.dev/unit-testing\""
    },
    "dependencies": {
      "@fortawesome/fontawesome-svg-core": "^1.2.30",
      "@fortawesome/free-solid-svg-icons": "^5.14.0",
      "@fortawesome/react-fontawesome": "^0.1.11",
      "axios": "^0.20.0",
      "gatsby": "^2.13.45",
      "gatsby-background-image": "^0.8.9",
      "gatsby-image": "^2.2.37",
      "gatsby-plugin-manifest": "^2.4.20",
      "gatsby-plugin-netlify-cms": "^4.1.13",
      "gatsby-plugin-remote-images": "^1.0.7",
      "gatsby-plugin-sass": "^2.1.4",
      "gatsby-plugin-sharp": "^2.2.19",
      "gatsby-plugin-sitemap": "^2.2.10",
      "gatsby-plugin-square-payment-form": "^1.0.3",
      "gatsby-plugin-stripe": "^1.2.3",
      "gatsby-remark-relative-images": "^0.2.3",
      "gatsby-source-filesystem": "^2.1.19",
      "gatsby-source-shopify": "^3.2.25",
      "gatsby-source-stripe": "^3.0.5",
      "gatsby-transformer-remark": "^2.6.21",
      "gatsby-transformer-sharp": "^2.2.13",
      "gsap": "^3.4.2",
      "netlify-cms-app": "^2.9.7",
      "node-sass": "^4.12.0",
      "react": "^16.8.6",
      "react-bootstrap": "^1.0.0-beta.12",
      "react-dom": "^16.8.6",
      "react-horizontal-scrolling-menu": "^0.7.8",
      "react-icons": "^3.7.0",
      "react-sidebar": "^3.0.2",
      "react-stripe-checkout": "^2.6.3",
      "shopify-buy": "^2.11.0",
      "styled-components": "^5.1.1",
      "text-clipper": "^2.1.0"
    },
    "devDependencies": {
      "cross-env": "^6.0.3",
      "prettier": "^1.18.2"
    },
    "repository": {
      "type": "git",
      "url": "https://github.com/Ansontheprogrammer/the-museum"
    },
    "bugs": {
      "url": "https://github.com/Ansontheprogrammer/the-museum/issues"
    }
  }

yarn manifest: 
  No manifest

Lockfile: 
  No lockfile
